2017-09-19 23:21:16.315  INFO 8715 --- [           main] s.c.a.AnnotationConfigApplicationContext : Refreshing org.springframework.context.annotation.AnnotationConfigApplicationContext@15615099: startup date [Tue Sep 19 23:21:16 CST 2017]; root of context hierarchy
2017-09-19 23:21:20.047  INFO 8715 --- [           main] f.a.AutowiredAnnotationBeanPostProcessor : JSR-330 'javax.inject.Inject' annotation found and supported for autowiring
2017-09-19 23:21:20.626  INFO 8715 --- [           main] trationDelegate$BeanPostProcessorChecker : Bean 'configurationPropertiesRebinderAutoConfiguration' of type [org.springframework.cloud.autoconfigure.ConfigurationPropertiesRebinderAutoConfiguration$$EnhancerBySpringCGLIB$$cc264603] is not eligible for getting processed by all BeanPostProcessors (for example: not eligible for auto-proxying)
2017-09-19 23:21:24.224  INFO 8715 --- [           main] t.e.c.s.p.ServiceProviderApplication     : The following profiles are active: home
2017-09-19 23:21:24.323  INFO 8715 --- [           main] ationConfigEmbeddedWebApplicationContext : Refreshing org.springframework.boot.context.embedded.AnnotationConfigEmbeddedWebApplicationContext@148080bb: startup date [Tue Sep 19 23:21:24 CST 2017]; parent: org.springframework.context.annotation.AnnotationConfigApplicationContext@15615099
2017-09-19 23:21:28.892  INFO 8715 --- [           main] o.s.cloud.context.scope.GenericScope     : BeanFactory id=eafeb505-d974-3620-a618-0e4df83f3772
2017-09-19 23:21:29.029  INFO 8715 --- [           main] f.a.AutowiredAnnotationBeanPostProcessor : JSR-330 'javax.inject.Inject' annotation found and supported for autowiring
2017-09-19 23:21:29.590  INFO 8715 --- [           main] trationDelegate$BeanPostProcessorChecker : Bean 'org.springframework.cloud.autoconfigure.ConfigurationPropertiesRebinderAutoConfiguration' of type [org.springframework.cloud.autoconfigure.ConfigurationPropertiesRebinderAutoConfiguration$$EnhancerBySpringCGLIB$$cc264603] is not eligible for getting processed by all BeanPostProcessors (for example: not eligible for auto-proxying)
2017-09-19 23:21:30.532  INFO 8715 --- [           main] org.xnio                                 : XNIO version 3.3.8.Final
2017-09-19 23:21:30.586  INFO 8715 --- [           main] org.xnio.nio                             : XNIO NIO Implementation Version 3.3.8.Final
2017-09-19 23:21:30.909  WARN 8715 --- [           main] io.undertow.websockets.jsr               : UT026009: XNIO worker was not set on WebSocketDeploymentInfo, the default worker will be used
2017-09-19 23:21:30.911  WARN 8715 --- [           main] io.undertow.websockets.jsr               : UT026010: Buffer pool was not set on WebSocketDeploymentInfo, the default pool will be used
2017-09-19 23:21:31.017  INFO 8715 --- [           main] io.undertow.servlet                      : Initializing Spring embedded WebApplicationContext
2017-09-19 23:21:31.018  INFO 8715 --- [           main] o.s.web.context.ContextLoader            : Root WebApplicationContext: initialization completed in 6695 ms
2017-09-19 23:21:31.290  INFO 8715 --- [           main] o.s.b.w.servlet.ServletRegistrationBean  : Mapping servlet: 'dispatcherServlet' to [/]
2017-09-19 23:21:31.305  INFO 8715 --- [           main] o.s.b.w.servlet.FilterRegistrationBean   : Mapping filter: 'characterEncodingFilter' to: [/*]
2017-09-19 23:21:31.307  INFO 8715 --- [           main] o.s.b.w.servlet.FilterRegistrationBean   : Mapping filter: 'hiddenHttpMethodFilter' to: [/*]
2017-09-19 23:21:31.307  INFO 8715 --- [           main] o.s.b.w.servlet.FilterRegistrationBean   : Mapping filter: 'httpPutFormContentFilter' to: [/*]
2017-09-19 23:21:31.307  INFO 8715 --- [           main] o.s.b.w.servlet.FilterRegistrationBean   : Mapping filter: 'requestContextFilter' to: [/*]
2017-09-19 23:21:37.756  WARN 8715 --- [           main] c.n.c.sources.URLConfigurationSource     : No URLs will be polled as dynamic configuration sources.
2017-09-19 23:21:37.757  INFO 8715 --- [           main] c.n.c.sources.URLConfigurationSource     : To enable URLs as dynamic configuration sources, define System property archaius.configurationSource.additionalUrls or make config.properties available on classpath.
2017-09-19 23:21:38.329  WARN 8715 --- [           main] c.n.c.sources.URLConfigurationSource     : No URLs will be polled as dynamic configuration sources.
2017-09-19 23:21:38.329  INFO 8715 --- [           main] c.n.c.sources.URLConfigurationSource     : To enable URLs as dynamic configuration sources, define System property archaius.configurationSource.additionalUrls or make config.properties available on classpath.
2017-09-19 23:21:41.689  INFO 8715 --- [           main] s.w.s.m.m.a.RequestMappingHandlerAdapter : Looking for @ControllerAdvice: org.springframework.boot.context.embedded.AnnotationConfigEmbeddedWebApplicationContext@148080bb: startup date [Tue Sep 19 23:21:24 CST 2017]; parent: org.springframework.context.annotation.AnnotationConfigApplicationContext@15615099
2017-09-19 23:21:42.367  INFO 8715 --- [           main] s.w.s.m.m.a.RequestMappingHandlerMapping : Mapped "{[/rest/hello]}" onto public java.lang.String tech.elven.cloud.service.provider.rest.ServiceProviderHelloController.home()
2017-09-19 23:21:42.370  INFO 8715 --- [           main] s.w.s.m.m.a.RequestMappingHandlerMapping : Mapped "{[/rest/hello/hello]}" onto public java.lang.String tech.elven.cloud.service.provider.rest.ServiceProviderHelloController.hello()
2017-09-19 23:21:42.375  INFO 8715 --- [           main] s.w.s.m.m.a.RequestMappingHandlerMapping : Mapped "{[/error],produces=[text/html]}" onto public org.springframework.web.servlet.ModelAndView org.springframework.boot.autoconfigure.web.BasicErrorController.errorHtml(javax.servlet.http.HttpServletRequest,javax.servlet.http.HttpServletResponse)
2017-09-19 23:21:42.376  INFO 8715 --- [           main] s.w.s.m.m.a.RequestMappingHandlerMapping : Mapped "{[/error]}" onto public org.springframework.http.ResponseEntity<java.util.Map<java.lang.String, java.lang.Object>> org.springframework.boot.autoconfigure.web.BasicErrorController.error(javax.servlet.http.HttpServletRequest)
2017-09-19 23:21:42.527  INFO 8715 --- [           main] o.s.w.s.handler.SimpleUrlHandlerMapping  : Mapped URL path [/webjars/**] onto handler of type [class org.springframework.web.servlet.resource.ResourceHttpRequestHandler]
2017-09-19 23:21:42.527  INFO 8715 --- [           main] o.s.w.s.handler.SimpleUrlHandlerMapping  : Mapped URL path [/**] onto handler of type [class org.springframework.web.servlet.resource.ResourceHttpRequestHandler]
2017-09-19 23:21:42.667  INFO 8715 --- [           main] o.s.w.s.handler.SimpleUrlHandlerMapping  : Mapped URL path [/**/favicon.ico] onto handler of type [class org.springframework.web.servlet.resource.ResourceHttpRequestHandler]
2017-09-19 23:21:44.547  INFO 8715 --- [           main] o.s.j.e.a.AnnotationMBeanExporter        : Registering beans for JMX exposure on startup
2017-09-19 23:21:44.582  INFO 8715 --- [           main] o.s.j.e.a.AnnotationMBeanExporter        : Bean with name 'environmentManager' has been autodetected for JMX exposure
2017-09-19 23:21:44.585  INFO 8715 --- [           main] o.s.j.e.a.AnnotationMBeanExporter        : Bean with name 'configurationPropertiesRebinder' has been autodetected for JMX exposure
2017-09-19 23:21:44.587  INFO 8715 --- [           main] o.s.j.e.a.AnnotationMBeanExporter        : Bean with name 'refreshScope' has been autodetected for JMX exposure
2017-09-19 23:21:44.592  INFO 8715 --- [           main] o.s.j.e.a.AnnotationMBeanExporter        : Located managed bean 'environmentManager': registering with JMX server as MBean [org.springframework.cloud.context.environment:name=environmentManager,type=EnvironmentManager]
2017-09-19 23:21:44.665  INFO 8715 --- [           main] o.s.j.e.a.AnnotationMBeanExporter        : Located managed bean 'refreshScope': registering with JMX server as MBean [org.springframework.cloud.context.scope.refresh:name=refreshScope,type=RefreshScope]
2017-09-19 23:21:44.700  INFO 8715 --- [           main] o.s.j.e.a.AnnotationMBeanExporter        : Located managed bean 'configurationPropertiesRebinder': registering with JMX server as MBean [org.springframework.cloud.context.properties:name=configurationPropertiesRebinder,context=148080bb,type=ConfigurationPropertiesRebinder]
2017-09-19 23:21:45.266  INFO 8715 --- [           main] o.s.c.support.DefaultLifecycleProcessor  : Starting beans in phase 0
2017-09-19 23:21:45.331  INFO 8715 --- [           main] o.s.c.n.eureka.InstanceInfoFactory       : Setting initial instance status as: STARTING
2017-09-19 23:21:45.507  INFO 8715 --- [           main] com.netflix.discovery.DiscoveryClient    : Initializing Eureka in region us-east-1
2017-09-19 23:21:52.155  INFO 8715 --- [           main] c.n.d.provider.DiscoveryJerseyProvider   : Using JSON encoding codec LegacyJacksonJson
2017-09-19 23:21:52.156  INFO 8715 --- [           main] c.n.d.provider.DiscoveryJerseyProvider   : Using JSON decoding codec LegacyJacksonJson
2017-09-19 23:21:52.771  INFO 8715 --- [           main] c.n.d.provider.DiscoveryJerseyProvider   : Using XML encoding codec XStreamXml
2017-09-19 23:21:52.772  INFO 8715 --- [           main] c.n.d.provider.DiscoveryJerseyProvider   : Using XML decoding codec XStreamXml
2017-09-19 23:21:53.601  INFO 8715 --- [           main] c.n.d.s.r.aws.ConfigClusterResolver      : Resolving eureka endpoints via configuration
2017-09-19 23:21:53.718  INFO 8715 --- [           main] com.netflix.discovery.DiscoveryClient    : Disable delta property : false
2017-09-19 23:21:53.718  INFO 8715 --- [           main] com.netflix.discovery.DiscoveryClient    : Single vip registry refresh property : null
2017-09-19 23:21:53.718  INFO 8715 --- [           main] com.netflix.discovery.DiscoveryClient    : Force full registry fetch : false
2017-09-19 23:21:53.718  INFO 8715 --- [           main] com.netflix.discovery.DiscoveryClient    : Application is null : false
2017-09-19 23:21:53.719  INFO 8715 --- [           main] com.netflix.discovery.DiscoveryClient    : Registered Applications size is zero : true
2017-09-19 23:21:53.719  INFO 8715 --- [           main] com.netflix.discovery.DiscoveryClient    : Application version is -1: true
2017-09-19 23:21:53.719  INFO 8715 --- [           main] com.netflix.discovery.DiscoveryClient    : Getting all instance registry info from the eureka server
2017-09-19 23:21:54.437  INFO 8715 --- [           main] com.netflix.discovery.DiscoveryClient    : The response status is 200
2017-09-19 23:21:54.454  INFO 8715 --- [           main] com.netflix.discovery.DiscoveryClient    : Starting heartbeat executor: renew interval is: 10
2017-09-19 23:21:54.460  INFO 8715 --- [           main] c.n.discovery.InstanceInfoReplicator     : InstanceInfoReplicator onDemand update allowed rate per min is 4
2017-09-19 23:21:54.466  INFO 8715 --- [           main] com.netflix.discovery.DiscoveryClient    : Discovery Client initialized at timestamp 1505834514465 with initial instances count: 3
2017-09-19 23:21:54.570  INFO 8715 --- [           main] o.s.c.n.e.s.EurekaServiceRegistry        : Registering application elven-cloud-service-provider with eureka with status UP
2017-09-19 23:21:54.572  INFO 8715 --- [           main] com.netflix.discovery.DiscoveryClient    : Saw local status change event StatusChangeEvent [timestamp=1505834514572, current=UP, previous=STARTING]
2017-09-19 23:21:54.575  INFO 8715 --- [nfoReplicator-0] com.netflix.discovery.DiscoveryClient    : DiscoveryClient_ELVEN-CLOUD-SERVICE-PROVIDER/192.168.3.15:elven-cloud-service-provider:8002: registering service...
2017-09-19 23:21:56.472  INFO 8715 --- [nfoReplicator-0] com.netflix.discovery.DiscoveryClient    : DiscoveryClient_ELVEN-CLOUD-SERVICE-PROVIDER/192.168.3.15:elven-cloud-service-provider:8002 - registration status: 204
2017-09-19 23:21:56.711  INFO 8715 --- [           main] b.c.e.u.UndertowEmbeddedServletContainer : Undertow started on port(s) 8002 (http)
2017-09-19 23:21:56.712  INFO 8715 --- [           main] .s.c.n.e.s.EurekaAutoServiceRegistration : Updating port to 8002
2017-09-19 23:21:56.774  INFO 8715 --- [           main] t.e.c.s.p.ServiceProviderApplication     : Started ServiceProviderApplication in 43.676 seconds (JVM running for 47.129)
